Build started 22/12/2015 22:11:54.
     1>Project "C:\Users\Angus\Desktop\Work\Programming\CPP\N-Body Simulation - Barnes Hut Tree\N-Body Simulation - Barnes Hut Tree\N-Body Simulation - Barnes Hut Tree.vcxproj" on node 2 (Build target(s)).
     1>ClCompile:
         C:\Program Files (x86)\Microsoft Visual Studio 12.0\VC\bin\CL.exe /c /IC:\OpenCV2410\opencv\build\include /ZI /nologo /W3 /WX- /sdl /Od /Oy- /D _MBCS /Gm /EHsc /RTC1 /MDd /GS /fp:precise /Zc:wchar_t /Zc:forScope /Fo"Debug\\" /Fd"Debug\vc120.pdb" /Gd /TP /analyze- /errorReport:prompt BHTree.cpp Particle.cpp ParticleSystem.cpp Vector3D.cpp World.cpp
         World.cpp
     1>c:\users\angus\desktop\work\programming\cpp\n-body simulation - barnes hut tree\n-body simulation - barnes hut tree\world.cpp(30): warning C4244: 'argument' : conversion from 'double' to 'int', possible loss of data
     1>c:\users\angus\desktop\work\programming\cpp\n-body simulation - barnes hut tree\n-body simulation - barnes hut tree\world.cpp(34): warning C4244: 'argument' : conversion from 'double' to 'int', possible loss of data
     1>c:\users\angus\desktop\work\programming\cpp\n-body simulation - barnes hut tree\n-body simulation - barnes hut tree\world.cpp(37): warning C4244: 'argument' : conversion from 'time_t' to 'unsigned int', possible loss of data
         Vector3D.cpp
         ParticleSystem.cpp
     1>c:\users\angus\desktop\work\programming\cpp\n-body simulation - barnes hut tree\n-body simulation - barnes hut tree\particlesystem.cpp(26): warning C4018: '<' : signed/unsigned mismatch
     1>c:\users\angus\desktop\work\programming\cpp\n-body simulation - barnes hut tree\n-body simulation - barnes hut tree\particlesystem.cpp(38): warning C4018: '<' : signed/unsigned mismatch
     1>c:\users\angus\desktop\work\programming\cpp\n-body simulation - barnes hut tree\n-body simulation - barnes hut tree\particlesystem.cpp(88): warning C4018: '<' : signed/unsigned mismatch
     1>c:\users\angus\desktop\work\programming\cpp\n-body simulation - barnes hut tree\n-body simulation - barnes hut tree\particlesystem.cpp(104): warning C4018: '<' : signed/unsigned mismatch
     1>c:\users\angus\desktop\work\programming\cpp\n-body simulation - barnes hut tree\n-body simulation - barnes hut tree\particlesystem.cpp(113): warning C4018: '<' : signed/unsigned mismatch
     1>c:\users\angus\desktop\work\programming\cpp\n-body simulation - barnes hut tree\n-body simulation - barnes hut tree\particlesystem.cpp(125): warning C4018: '<' : signed/unsigned mismatch
         Particle.cpp
     1>c:\users\angus\desktop\work\programming\cpp\n-body simulation - barnes hut tree\n-body simulation - barnes hut tree\particle.cpp(156): warning C4244: 'argument' : conversion from 'double' to 'int', possible loss of data
         BHTree.cpp
         Generating Code...
       Link:
         C:\Program Files (x86)\Microsoft Visual Studio 12.0\VC\bin\link.exe /ERRORREPORT:PROMPT /OUT:"C:\Users\Angus\Desktop\Work\Programming\CPP\N-Body Simulation - Barnes Hut Tree\Debug\N-Body Simulation - Barnes Hut Tree.exe" /INCREMENTAL /NOLOGO /LIBPATH:C:\OpenCV2410\opencv\build\x64\vc12\lib opencv_ts300d.lib opencv_world300d.lib kernel32.lib user32.lib gdi32.lib winspool.lib comdlg32.lib advapi32.lib shell32.lib ole32.lib oleaut32.lib uuid.lib odbc32.lib odbccp32.lib /MANIFEST /MANIFESTUAC:"level='asInvoker' uiAccess='false'" /manifest:embed /DEBUG /PDB:"C:\Users\Angus\Desktop\Work\Programming\CPP\N-Body Simulation - Barnes Hut Tree\Debug\N-Body Simulation - Barnes Hut Tree.pdb" /TLBID:1 /DYNAMICBASE /NXCOMPAT /IMPLIB:"C:\Users\Angus\Desktop\Work\Programming\CPP\N-Body Simulation - Barnes Hut Tree\Debug\N-Body Simulation - Barnes Hut Tree.lib" /MACHINE:X86 Debug\BHTree.obj
         Debug\Particle.obj
         Debug\ParticleSystem.obj
         Debug\Vector3D.obj
         Debug\World.obj
     1>opencv_world300d.lib(opencv_world300d.dll) : fatal error LNK1112: module machine type 'x64' conflicts with target machine type 'X86'
     1>Done Building Project "C:\Users\Angus\Desktop\Work\Programming\CPP\N-Body Simulation - Barnes Hut Tree\N-Body Simulation - Barnes Hut Tree\N-Body Simulation - Barnes Hut Tree.vcxproj" (Build target(s)) -- FAILED.

Build FAILED.

Time Elapsed 00:00:09.62
